<?xml version="1.0" encoding="UTF-8"?>
<!-- Generated by org.testng.reporters.JUnitReportReporter -->
<testsuite hostname="Pratikshyas-MacBook-Air.local" failures="0" tests="1" name="com.example.tests.SampleTest" time="0.024" errors="0" timestamp="2025-04-21T10:19:53 IST" skipped="0">
  <testcase classname="com.example.tests.SampleTest" name="sampleTestMethod" time="0.024"/>
</testsuite> <!-- com.example.tests.SampleTest -->
